[INFO ] 2025-02-28 14:49:25.928 [main] Log - *** Running test method Document_Upload_Module...
[INFO ] 2025-02-28 14:49:27.599 [main] Log - Driver has initialized successfully for Chromebrowser
[INFO ] 2025-02-28 14:49:40.610 [main] Log - Title is displayed : KSIDC
[INFO ] 2025-02-28 14:49:43.625 [main] Log - Button visible !
[INFO ] 2025-02-28 14:50:01.485 [main] Log - Login successfull
[INFO ] 2025-02-28 14:50:01.486 [main] Log - Login successfully :true
[INFO ] 2025-02-28 14:50:10.904 [main] Log - User is navigated to the Security stage.By.xpath: //li//span[text()='Security']
[INFO ] 2025-02-28 14:50:10.905 [main] Log - User is taken to the Security stage of the application. :true
[INFO ] 2025-02-28 14:50:11.970 [main] Log - Document Upload Details button is visible.By.xpath: //li//a[text()='5.12' and text()='Document Upload']
[INFO ] 2025-02-28 14:50:16.196 [main] Log - Upload Document Component Details page is opened. :true
[INFO ] 2025-02-28 14:50:22.358 [main] Log - Document preview opens, displaying its contents. :true
[INFO ] 2025-02-28 14:50:26.464 [main] Log - path is :C:\Users\nilesh.bhoir\Documents\GitHub\AI_Beacon_KSIDC_CustomerPortal
[INFO ] 2025-02-28 14:50:27.528 [main] Log - File Upload pop-up window appears.: true
[INFO ] 2025-02-28 14:50:28.864 [main] Log - PDF document is uploaded successfully.:true
[INFO ] 2025-02-28 14:50:37.076 [main] Log - Document preview opens, displaying its contents.:true
[INFO ] 2025-02-28 14:50:41.179 [main] Log - path is :C:\Users\nilesh.bhoir\Documents\GitHub\AI_Beacon_KSIDC_CustomerPortal
[INFO ] 2025-02-28 14:50:42.226 [main] Log - File Upload pop-up window opens.:true
[INFO ] 2025-02-28 14:50:43.522 [main] Log - PDF document is uploaded successfully.:true
[INFO ] 2025-02-28 14:50:49.952 [main] Log - User is navigated to 'Submit Application and Application Summary' stage.:true
[INFO ] 2025-02-28 14:50:52.385 [main] Log - Logout is done
[INFO ] 2025-02-28 14:50:52.674 [main] Log - *** Test Suite Document_Upload_Module ending ***
